<?xml version="1.0" encoding="UTF-8"?>
<testsuite xmlns:xsi="http://www.w3.org/2001/XMLSchema-instance" xsi:noNamespaceSchemaLocation="https://maven.apache.org/surefire/maven-surefire-plugin/xsd/surefire-test-report-3.0.xsd" version="3.0" name="tests.GPathTests" time="0.643" tests="3" errors="0" skipped="0" failures="0">
  <properties>
[...]
</properties>
  <testcase name="checkCity_withGpath" classname="tests.GPathTests" time="0.537"/>
  <testcase name="checkContainsAndSize_withGpath" classname="tests.GPathTests" time="0.054"/>
  <testcase name="checkName_withGpath" classname="tests.GPathTests" time="0.045"/>
</testsuite>